<?xml version="1.0" encoding="UTF-8"?>
<testsuite xmlns:xsi="http://www.w3.org/2001/XMLSchema-instance" xsi:noNamespaceSchemaLocation="https://maven.apache.org/surefire/maven-surefire-plugin/xsd/surefire-test-report.xsd" name="com.laslibs.LasJavaTest" time="0.044" tests="14" errors="0" skipped="0" failures="0">
  <properties>
    <property name="java.specification.version" value="17"/>
    <property name="sun.jnu.encoding" value="UTF-8"/>
    <property name="java.class.path" value="/Users/macbook/Documents/open-source/las-java/target/test-classes:/Users/macbook/Documents/open-source/las-java/target/classes:/Users/macbook/.m2/repository/junit/junit/4.11/junit-4.11.jar:/Users/macbook/.m2/repository/org/hamcrest/hamcrest-core/1.3/hamcrest-core-1.3.jar:"/>
    <property name="java.vm.vendor" value="Homebrew"/>
    <property name="sun.arch.data.model" value="64"/>
    <property name="java.vendor.url" value="https://github.com/Homebrew/homebrew-core/issues"/>
    <property name="os.name" value="Mac OS X"/>
    <property name="java.vm.specification.version" value="17"/>
    <property name="sun.java.launcher" value="SUN_STANDARD"/>
    <property name="user.country" value="GB"/>
    <property name="sun.boot.library.path" value="/opt/homebrew/Cellar/openjdk/17.0.2/libexec/openjdk.jdk/Contents/Home/lib"/>
    <property name="sun.java.command" value="/Users/macbook/Documents/open-source/las-java/target/surefire/surefirebooter7304597955901224557.jar /Users/macbook/Documents/open-source/las-java/target/surefire 2022-04-02T02-38-05_949-jvmRun1 surefire15404417919677359759tmp surefire_09147914737865845644tmp"/>
    <property name="http.nonProxyHosts" value="local|*.local|169.254/16|*.169.254/16"/>
    <property name="jdk.debug" value="release"/>
    <property name="surefire.test.class.path" value="/Users/macbook/Documents/open-source/las-java/target/test-classes:/Users/macbook/Documents/open-source/las-java/target/classes:/Users/macbook/.m2/repository/junit/junit/4.11/junit-4.11.jar:/Users/macbook/.m2/repository/org/hamcrest/hamcrest-core/1.3/hamcrest-core-1.3.jar:"/>
    <property name="sun.cpu.endian" value="little"/>
    <property name="user.home" value="/Users/macbook"/>
    <property name="user.language" value="en"/>
    <property name="java.specification.vendor" value="Oracle Corporation"/>
    <property name="java.version.date" value="2022-01-18"/>
    <property name="java.home" value="/opt/homebrew/Cellar/openjdk/17.0.2/libexec/openjdk.jdk/Contents/Home"/>
    <property name="file.separator" value="/"/>
    <property name="basedir" value="/Users/macbook/Documents/open-source/las-java"/>
    <property name="java.vm.compressedOopsMode" value="Zero based"/>
    <property name="line.separator" value="&#10;"/>
    <property name="java.specification.name" value="Java Platform API Specification"/>
    <property name="java.vm.specification.vendor" value="Oracle Corporation"/>
    <property name="surefire.real.class.path" value="/Users/macbook/Documents/open-source/las-java/target/surefire/surefirebooter7304597955901224557.jar"/>
    <property name="sun.management.compiler" value="HotSpot 64-Bit Tiered Compilers"/>
    <property name="ftp.nonProxyHosts" value="local|*.local|169.254/16|*.169.254/16"/>
    <property name="java.runtime.version" value="17.0.2+0"/>
    <property name="user.name" value="macbook"/>
    <property name="path.separator" value=":"/>
    <property name="os.version" value="12.0.1"/>
    <property name="java.runtime.name" value="OpenJDK Runtime Environment"/>
    <property name="file.encoding" value="UTF-8"/>
    <property name="java.vm.name" value="OpenJDK 64-Bit Server VM"/>
    <property name="java.vendor.version" value="Homebrew"/>
    <property name="localRepository" value="/Users/macbook/.m2/repository"/>
    <property name="java.vendor.url.bug" value="https://github.com/Homebrew/homebrew-core/issues"/>
    <property name="java.io.tmpdir" value="/var/folders/vm/n3gblhnd2tx3jq4dqfvwgfr80000gn/T/"/>
    <property name="java.version" value="17.0.2"/>
    <property name="user.dir" value="/Users/macbook/Documents/open-source/las-java"/>
    <property name="os.arch" value="aarch64"/>
    <property name="java.vm.specification.name" value="Java Virtual Machine Specification"/>
    <property name="native.encoding" value="UTF-8"/>
    <property name="java.library.path" value="/Users/macbook/Library/Java/Extensions:/Library/Java/Extensions:/Network/Library/Java/Extensions:/System/Library/Java/Extensions:/usr/lib/java:."/>
    <property name="java.vm.info" value="mixed mode, sharing"/>
    <property name="java.vendor" value="Homebrew"/>
    <property name="java.vm.version" value="17.0.2+0"/>
    <property name="sun.io.unicode.encoding" value="UnicodeBig"/>
    <property name="socksNonProxyHosts" value="local|*.local|169.254/16|*.169.254/16"/>
    <property name="java.class.version" value="61.0"/>
  </properties>
  <testcase name="getMetaVersion" classname="com.laslibs.LasJavaTest" time="0.006"/>
  <testcase name="getWellParams" classname="com.laslibs.LasJavaTest" time="0.003"/>
  <testcase name="getLas" classname="com.laslibs.LasJavaTest" time="0"/>
  <testcase name="toCsvStripped" classname="com.laslibs.LasJavaTest" time="0.006"/>
  <testcase name="getLogParam" classname="com.laslibs.LasJavaTest" time="0.001"/>
  <testcase name="toCsv" classname="com.laslibs.LasJavaTest" time="0.002"/>
  <testcase name="getHeaderAndDescr" classname="com.laslibs.LasJavaTest" time="0.001"/>
  <testcase name="getColumn" classname="com.laslibs.LasJavaTest" time="0.003"/>
  <testcase name="getDataStripped" classname="com.laslibs.LasJavaTest" time="0.002"/>
  <testcase name="getHeader" classname="com.laslibs.LasJavaTest" time="0.002"/>
  <testcase name="getColumnStripped" classname="com.laslibs.LasJavaTest" time="0"/>
  <testcase name="getMetaWrap" classname="com.laslibs.LasJavaTest" time="0"/>
  <testcase name="getCurveParams" classname="com.laslibs.LasJavaTest" time="0"/>
  <testcase name="getOther" classname="com.laslibs.LasJavaTest" time="0"/>
</testsuite>